  1  1  2  2  2  2  3  3  3  3  3  3  3  3  3  3  3  3  3  7 15          57
  1  1  2  2  2  3  3  3  3  3  3  3  3  3  3  3  3  3  5  5               
  1  1  2  2  2  3  3  3  3  3  3  3  3  3  3  3  3  3  5  5               
  1  2  2  2  3  3  3  3  3  3  3  3  3  3  3  3  3  3  5  7               
  1  2  2  2  3  3  3  3  3  3  3  3  3  3  3  3  3  5  5                  
  1  2  2  3  3  3  3  3  3  3  3  3  3  3  3  4  5  5  7                  
  1  2  2  4  4  4  4  4  4  4  3  4  4  4  4  5  5  5                     
  1  2  4  7  4  4  4  4  4  4  4  4  4  5  5  5  5                        
  1  2  4  4  7  6  4  4  4  4  4  5  5  5  5  5                           
  1  4  4  4  4 15  6  8  5  5  5  5  5  5  7 11                           
  1  4  4  4  4  6  9  6 13  6  6  6  6  7 11 13                           
  1  8  5  6  6  7 12  8 10  9  8  7  7 19 13 35                           
  1 63 65 68 80 97    82 94                                                
  1  8  5  6  6  7 12  8 10  9  8  7  7 19 13 35                           
  1  4  4  4  4  6  9  6 13  6  6  6  6  7 11 13                           
  1  4  4  4  4 15  6  8  5  5  5  5  5  5  7 11                           
  1  2  4  4  7  6  4  4  4  4  4  5  5  5  5  5                           
  1  2  4  7  4  4  4  4  4  4  4  4  4  5  5  5  5                        
  1  2  2  4  4  4  4  4  4  4  3  4  4  4  4  5  5  5                     
  1  2  2  3  3  3  3  3  3  3  3  3  3  3  3  4  5  5  7                  
  1  2  2  2  3  3  3  3  3  3  3  3  3  3  3  3  3  5  5                  
  1  2  2  2  3  3  3  3  3  3  3  3  3  3  3  3  3  3  5  7               
  1  1  2  2  2  3  3  3  3  3  3  3  3  3  3  3  3  3  5  5               
  1  1  2  2  2  3  3  3  3  3  3  3  3  3  3  3  3  3  5  5               
  1  1  2  2  2  2  3  3  3  3  3  3  3  3  3  3  3  3  3  7 15            
